2025-01-07 12:25:11 INFO  Main - Начало скачек. Количество участников: 7
2025-01-07 12:25:31 INFO  Main - Окончание скачек. Победитель: Pegasus
2025-01-07 12:28:31 INFO  Main - Начало скачек. Количество участников: 7
2025-01-07 12:28:52 INFO  Main - Окончание скачек. Победитель: Pegasus
2025-01-07 12:58:27 INFO  Main - Начало скачек. Количество участников: 7
2025-01-07 12:58:47 INFO  Main - Окончание скачек. Победитель: Cherry
2025-01-07 13:00:19 DEBUG Horse - Создание Horse, имя [Bucephalus], скорость [2.4]
2025-01-07 13:00:19 DEBUG Horse - Создание Horse, имя [Ace of Spades], скорость [2.5]
2025-01-07 13:00:19 DEBUG Horse - Создание Horse, имя [Zephyr], скорость [2.6]
2025-01-07 13:00:19 DEBUG Horse - Создание Horse, имя [Blaze], скорость [2.7]
2025-01-07 13:00:19 DEBUG Horse - Создание Horse, имя [Lobster], скорость [2.8]
2025-01-07 13:00:19 DEBUG Horse - Создание Horse, имя [Pegasus], скорость [2.9]
2025-01-07 13:00:19 DEBUG Horse - Создание Horse, имя [Cherry], скорость [3.0]
2025-01-07 13:00:19 DEBUG Hippodrome - Создание Hippodrome, лошадей [7]
2025-01-07 13:00:19 INFO  Main - Начало скачек. Количество участников: 7
2025-01-07 13:00:40 INFO  Main - Окончание скачек. Победитель: Cherry
2025-01-07 13:01:24 DEBUG Horse - Создание Horse, имя [Bucephalus], скорость [2.4]
2025-01-07 13:01:24 DEBUG Horse - Создание Horse, имя [Ace of Spades], скорость [2.5]
2025-01-07 13:01:24 DEBUG Horse - Создание Horse, имя [Zephyr], скорость [2.6]
2025-01-07 13:01:24 DEBUG Horse - Создание Horse, имя [Blaze], скорость [2.7]
2025-01-07 13:01:24 DEBUG Horse - Создание Horse, имя [Lobster], скорость [2.8]
2025-01-07 13:01:24 DEBUG Horse - Создание Horse, имя [Pegasus], скорость [2.9]
2025-01-07 13:01:24 DEBUG Horse - Создание Horse, имя [Cherry], скорость [3.0]
2025-01-07 13:01:24 DEBUG Hippodrome - Создание Hippodrome, лошадей [7]
2025-01-07 13:01:24 INFO  Main - Начало скачек. Количество участников: 7
2025-01-07 13:01:44 INFO  Main - Окончание скачек. Победитель: Cherry
